
Bounds
//1 row - ucc,uoc
//ucc - upper bound on capital cost
//uoc - upper bound on operating cost
22000000,11000000

Charging stations
//Each row - charging station
//Full name,Short name,Nominal power,Capital cost,Operating cost
Charging station 1,CS1,260,1,120000,4500

Electric buses
// Full name,Short name,Passenger capacity,Capital cost
Vitovt Max Electro E433,E433,153,500000
Vitovt Electro E420,E420,87,350000
Model E321,E321,85,400000
Vitovt Mini Electro E490,E490,75,400000
Trolleybus 32100D,321D,90,300000
Trolleybus 42003D,420D,90,330000

Conventional buses
//Full name,Short name,Capacity
Diesel bus MAZ-103,M103,100
Diesel bus MAZ-105,M105,160
Trolleybus model 420,T420,115
Trolleybus model 333,T333,170

Transportation network(stops)
// each stop - 5 rows 
// 1 row
//full name,short name,type=1,2,3
//1 - depot,2 - terminal,3 - ordinary stop
// 2 row
//Full name,short name,capital cost,operating cost,upper bound on number of charging points
// 3 row
//short name of charge of type  1,...,short name of of charge of type n
// 4 row
//number of old charging connectors of type 1,...,number of old charging connectors of type n
// 5 row
//number of old charging points of type 1,...,number of old charging points of type n
Vaneeva,D1,1
0,0,3
CS1
1
1
Kazlova,D2,1
5000,500,3
CS1
0
0
Kirava,1,2
0,0,3
CS1
1
1
Viasnjanka,2,2
0,0,3
CS1
1
1
Akvapark,3,2
5000,500,3
CS1
0
0
RKMC,4,2
5000,500,3
CS1
0
0
Ch.Rinok,5,2
5000,500,3
CS1
0
0
Loshica2,6,2
5000,500,3
CS1
0
0
Masukovscina,7,2
5000,500,3
CS1
0
0
DS Searjabrjanka,9,2
5000,500,3
CS1
0
0
YgoZapad,10,2
5000,500,3
CS1
0
0
AV Centralny,11,2
5000,500,3
CS1
0
0
Daugbrodskaja,12,2
0,0,3
CS1
1
1
Siarova,13,2
0,0,3
CS1
1
1
Druznaja,14,2
0,0,3
CS1
1
1
Karastojanovoy,15,2
5000,500,3
CS1
0
0
Suharevo5,16,2
5000,500,3
CS1
0
0
Malinovka4,17,2
5000,500,3
CS1
0
0
Kalinovskogo,18,2
5000,500,3
CS1
0
0
Aeroport 1,19,2
5000,500,3
CS1
0
0
Vesninka,20,2
5000,500,3
CS1
0
0
Liabjagiy,21,2
5000,500,3
CS1
0
0
Pl.Y.Kolasa,22,2
5000,500,3
CS1
0
0
Zdanovichi,23,2
5000,500,3
CS1
0
0
Vaneeva_stop,24,3
5000,500,3
CS1
0
0

Electric network
//each transformer node - 3 rows
//1 row -
//Full name,short name,transformer power,capital cost,used power
//2 row -
//short name of connected (possible) node 1 with charging station,...short name of connected (possible) node n with charging station
//3 row -
//cost of connection with node 1,...cost of connection with node n
//cost = 0 if connection exists
Vaneeva-Transformer 1,D1-T1,800,0,260
D1
0
Kira-Transformer 1,1-T1,800,0,260
1
0
Vias-Transformer 1,2-T1,800,0,260
2
0
Akva-Transformer 1,3-T1,800,200000,0
3
5000
RKMC-Transformer 1,4-T1,800,200000,0
4
5000
Ch.Ri-Transformer 1,5-T1,800,0,0
5
5000
Losh2-Transformer 1,6-T1,800,0,0
6
5000
Masu-Transformer 1,7-T1,800,0,0
7
5000
DS Sera-Transformer 1,9-T1,800,0,0
9
5000
AV Ca-Transformer 1,10-T1,800,0,0
10
5000
YZap-Transformer 1,11-T1,800,0,0
11
5000
Daug-Transformer 1,12-T1,800,0,260
12
0
Siar-Transformer 1,13-T1,800,0,260
13
0
Druz-Transformer 1,14-T1,800,0,260
14
0
Kara-Transformer 1,15-T1,800,0,0
15
5000
Suh5-Transformer 1,16-T1,800,0,0
16
5000
Mal4-Transformer 1,17-T1,800,0,0
17
5000
KalSlav-Transformer 1,18-T1,800,0,0
18
5000
Aera1-Transformer 1,19-T1,800,0,0
19
5000
Vsnin-Transformer 1,20-T1,800,200000,0
20
5000
Liab-Transformer 1,21-T1,800,200000,0
21
5000
Pl.Y.Kol-Transformer 1,22-T1,800,200000,0
22
5000
Zdan-Transformer 1,23-T1,800,200000,0
23
5000
Kazlova-Transformer 1,D2-T1,800,0,0
D2
5000
VS-Transformer 1,VS-T1,800,0,0
24
5000

Transportation network(routes)
//each route - 8 rows
//1 row -
//Full name,short name,upper bound on integral traffic length,lower bound on integral traffic length
//2 row -
//sequence of nodes (short names) with possible charging station
//3 row -
//distances between stops
//4 row -
//short name of e-bus 1,...short name of e-bus n
//5 row -
//number of old e-bus 1,...number of old e-bus n
//6 row -
//operating cost of e-bus 1,...operating cost of e-bus n
//7 row -
//short name of conventional bus 1,...short name of conventional bus n
//8 row -
//number of conventional buses 1,...number of conventional buses n
Railway Station - DS Viasnjanka(A1),1,7,6
D1,1,2,1
3,9,9
E433,E420,E321,E490,321D,420D
4,0,0,0,0,0
270000,180000,200000,170000,180000,200000
M103,M105
3,2
Railway Station - Akvapark(A119c),2,20,18
D1,1,2,3,2,1
3,9,4,4,9
E433,E420,E321,E490,321D,420D
0,0,0,0,0,0
270000,180000,200000,170000,180000,200000
M105
2
Railway Station - RKMC(A190e),3,20,18
D1,1,2,4,2,1
3,9,6,6,9
E433,E420,E321,E490,321D,420D
0,0,0,0,0,0
270000,180000,200000,170000,180000,200000
M103,M105
1,2
Railway Station - Chervenskiy Market(T5),4,5,4
D1,1,5,1
3,5,5
E433,E420,E321,E490,321D,420D
0,0,0,0,0,0
270000,180000,200000,170000,180000,200000
T420,T333
2,5
Railway Station - DS Loshica-2(T6),5,5,4
D1,1,5,6,5,1
3,5,4,4,5
E433,E420,E321,E490,321D,420D
0,0,0,0,0,0
270000,180000,200000,170000,180000,200000
T420,T333
4,6
Railway Station - Masukovschina(A69),6,15,13
D1,1,7,1
3,11,11
E433,E420,E321,E490,321D,420D
0,0,0,0,0,0
270000,180000,200000,170000,180000,200000
M103
5
Railway Station - DS Searjabrjanka(T20),7,10,9
D1,1,24,9,24,1
3,5,4,4,5
E433,E420,E321,E490,321D,420D
0,0,0,0,0,0
270000,180000,200000,170000,180000,200000
T420,T333
2,5
DS Searjabrjanka - DS YZapad(T36),8,10,9
D1,9,11,10,11,9
2,5,13,13,5
E433,E420,E321,E490,321D,420D
0,0,0,0,0,0
270000,180000,200000,170000,180000,200000
T420,T333
3,6
AV Centralny - Masukovschina(A46),9,40,36
D1,11,7,11
3,9,9
E433,E420,E321,E490,321D,420D
0,0,0,0,0,0
270000,180000,200000,170000,180000,200000
M105
2
AV Centralny - Masukovschina(T58),10,15,13
D1,11,7,11
3,9,9
E433,E420,E321,E490,321D,420D
0,0,0,0,0,0
270000,180000,200000,170000,180000,200000
T420,T333
2,2
Dolgobrodskaja - DS Siarova(T59),11,10,9
D1,12,13,12
2,13,13
E433,E420,E321,E490,321D,420D
6,0,0,0,0,0
270000,180000,200000,170000,180000,200000
T420
2
DS Drugnaja - Karastojanovoy(A38),12,20,18
D1,14,15,14
4,8,8
E433,E420,E321,E490,321D,420D
0,0,0,0,0,0
270000,180000,200000,170000,180000,200000
M103,M105
1,2
DS Drugnaja - DS Siarova(T43),13,15,13
D1,14,13,14
4,7,7
E433,E420,E321,E490,321D,420D
4,0,0,0,0,0
270000,180000,200000,170000,180000,200000
T420
2
DS Karastojanovoy - DS YZapad(T40),14,10,9
D1,15,14,10,14,15
4,7,9,9,7
E433,E420,E321,E490,321D,420D
0,0,0,0,0,0
270000,180000,200000,170000,180000,200000
T420,T333
2,5
DS Drugnaja - DS YZapad(T63),15,20,18
D2,14,10,14
3,9,9
E433,E420,E321,E490,321D,420D
0,0,0,0,0,0
270000,180000,200000,170000,180000,200000
M103,M105
2,2
DS Drugnaja - Suharevo(A50c),16,20,18
D2,14,16,14
3,15,15
E433,E420,E321,E490,321D,420D
0,0,0,0,0,0
270000,180000,200000,170000,180000,200000
M103,M105
3,3
AV Centralny - DS Suharevo-5(T7),17,10,9
D2,11,16,11
3,14,14
E433,E420,E321,E490,321D,420D
0,0,0,0,0,0
270000,180000,200000,170000,180000,200000
T420,T333
2,4
DS Drugnaja - DS Suharevo-5(T9),18,15,13
D2,14,16,14
3,13,13
E433,E420,E321,E490,321D,420D
0,0,0,0,0,0
270000,180000,200000,170000,180000,200000
T420,T333
1,3
DS DrugnajaDS - Malinovka-4(A32c),19,10,9
D2,14,17,14
3,14,14
E433,E420,E321,E490,321D,420D
0,0,0,0,0,0
270000,180000,200000,170000,180000,200000
M103,M105
3,6
Slavinskogo - Old Airport(A100),20,7,6
D2,18,19,18
4,12,12
E433,E420,E321,E490,321D,420D
0,0,0,0,0,0
270000,180000,200000,170000,180000,200000
M103,M105
3,6
DS Kalinovskogo - Vesninka(A91),21,20,18
D2,18,2,20,2,18
4,18,2,2,18
E420,E321,E490
0,0,0
180000,200000,170000
M103,M105
2,5
DS Siarova - Liabjagiy(A73),22,10,9
D2,14,2,21,2,14,13,14
3,9,2,2,2,9,7
E433,E420,E321,E490,321D,420D
0,0,0,0,0,0
270000,180000,200000,170000,180000,200000
M103,M105
5,7
DS Karastojanovoy - Pl.Y.Kolasa(T22),23,10,9
D2,22,15,22
2,6,6
E433,E420,E321,E490,321D,420D
0,0,0,0,0,0
270000,180000,200000,170000,180000,200000
T420
3
DS Karastojanovoy - Zdanovichi Station(A44),24,10,9
D2,15,2,23,2,15
6,10,16,16,10
E420,E321,E490
0,0,0
180000,200000,170000
M103,M105
2,5
DS Karastojanovoy - Zdanovichi Health Center(A136),25,20,18
D2,15,2,23,2,15
6,10,7,7,10
E420,E321,E490
0,0,0
180000,200000,170000
M103,M105
1,2
DS Suharevo-5 - Kalinovskogo(T38),26,10,9
D2,18,16,18
6,21,21
E321,E490
0,0
200000,170000
T420,T333
6,8

Agregate nodes
//Full name,short name,number of old charging stations,upper bound on number of all charging stations
Kirava,1,0,0,3
CS1
1
1
Viasnjanka,2,0,0,3
CS1
1
1
Akvapark,3,5000,500,3
CS1
0
0
RKMC,4,5000,500,3
CS1
0
0
Ch.Rinok,5,5000,500,3
CS1
0
0
Loshica2,6,5000,500,3
CS1
0
0
Masukovscina,7,5000,500,3
CS1
0
0
Vaneeva,D1,0,0,3
CS1
1
1
DS Searjabrjanka,9,5000,500,3
CS1
0
0
YgoZapad,10,5000,500,3
CS1
0
0
AV Centralny,11,5000,500,3
CS1
0
0
Daugbrodskaja,12,0,0,3
CS1
1
1
Siarova,13,0,0,3
CS1
1
1
Druznaja,14,0,0,3
CS1
1
1
Karastojanovoy,15,5000,500,3
CS1
0
0
Suharevo5,16,5000,500,3
CS1
0
0
Malinovka4,17,5000,500,3
CS1
0
0
Kalinovskogo,18,5000,500,3
CS1
0
0
Aeroport 1,19,5000,500,3
CS1
0
0
Vesninka,20,5000,500,3
CS1
0
0
Liabjagiy,21,5000,500,3
CS1
0
0
Pl.Y.Kolasa,22,5000,500,3
CS1
0
0
Zdanovichi,23,5000,500,3
CS1
0
0
Kazlova,D2,5000,500,3
CS1
0
0
Vaneeva_stop,24,5000,500,3
CS1
0
0

Number of charging sequences
// n+1 rows for each route
// n - number of eligible e-buses
// 1 row
//short name of route
// next rows
//number of charging sequences for e-bus
1
1
1
1
1
1
1
2
1
1
1
1
1
1
3
1
1
1
1
1
1
4
2
2
2
2
2
2
5
1
1
1
1
1
1
6
1
1
1
1
1
1
7
1
1
1
1
1
1
8
0
0
0
0
0
0
9
1
1
1
1
1
1
10
1
1
1
1
1
1
11
1
1
1
1
1
1
12
1
1
1
1
1
1
13
2
2
2
2
2
2
14
0
1
1
1
1
0
15
1
1
1
1
1
1
16
1
1
1
1
1
1
17
1
1
1
1
1
1
18
1
1
1
1
1
1
19
1
1
1
1
1
1
20
1
1
1
1
1
1
21
0
0
0
22
0
0
0
0
0
0
23
2
2
2
2
2
2
24
0
0
0
25
0
0
0
26
1
1

Charging sequences
// n_b+1 rows for each route
// n - total number of charging sequnces
// 1 row
//short name of route
// next n_b rows
// indicators of route nodes where e-bus is charged (if equal 1)
1
1,1,1
1,1,0
1,0,1
1,1,0
1,0,1
1,1,0
1,0,1
1,1,1
1,1,1
2
1,1,0,1,0
1,1,0,1,0
1,1,0,0,0
1,0,0,1,0
1,1,0,1,0
1,1,0,1,0
1,1,0,1,0
3
1,1,0,1,0
1,1,0,1,0
1,1,0,0,0
1,0,0,1,0
1,1,0,1,0
1,1,0,1,0
1,1,0,1,0
4
1,1,0
1,0,1
1,1,0
1,0,1
1,1,0
1,0,1
1,1,0
1,0,1
1,1,0
1,0,1
1,1,0
1,0,1
5
1,1,0,1,0
1,1,0,0,0
1,0,0,1,0
1,1,0,0,0
1,0,0,1,0
1,1,0,0,0
1,0,0,1,0
1,1,0,1,0
1,1,0,1,0
6
1,1,1
1,1,1
1,1,0
1,0,1
1,1,0
1,0,1
1,1,1
1,1,1
7
1,1,0,1,0
1,1,0,0,0
1,0,0,1,0
1,1,0,0,0
1,0,0,1,0
1,1,0,0,0
1,0,0,1,0
1,1,0,1,0
1,1,0,1,0
8
1,1,0,1,0
1,1,0,0,0
1,0,0,1,0
1,1,0,1,0
9
1,1,1
1,1,0
1,0,1
1,1,0
1,0,1
1,1,0
1,0,1
1,1,1
1,1,1
10
1,1,1
1,1,0
1,0,1
1,1,0
1,0,1
1,1,0
1,0,1
1,1,1
1,1,1
11
1,1,1
1,1,1
1,1,0
1,0,1
1,1,1
1,1,1
1,1,1
12
1,1,1
1,1,0
1,0,1
1,1,0
1,0,1
1,1,0
1,0,1
1,1,1
1,1,1
13
1,1,0
1,0,1
1,1,0
1,0,1
1,1,0
1,0,1
1,1,0
1,0,1
1,1,0
1,0,1
1,1,0
1,0,1
14
1,1,0,1,0
1,1,0,0,0
1,0,0,1,0
1,1,0,1,0
15
1,1,1
1,1,0
1,0,1
1,1,0
1,0,1
1,1,0
1,0,1
1,1,1
1,1,1
16
1,1,1
1,1,1
1,1,0
1,0,1
1,1,1
1,1,1
1,1,1
17
1,1,1
1,1,1
1,1,0
1,0,1
1,1,1
1,1,1
1,1,1
18
1,1,1
1,1,1
1,1,0
1,0,1
1,1,1
1,1,1
1,1,1
19
1,1,1
1,1,1
1,1,0
1,0,1
1,1,1
1,1,1
1,1,1
20
1,1,1
1,1,1
1,1,0
1,0,1
1,1,0
1,0,1
1,1,1
1,1,1
21
1,1,0,0,0
1,0,0,1,0
1,1,0,1,0
22
1,0,0,1,0,0,1
1,0,0,1,0,0,1
1,0,0,1,0,0,1
1,0,0,1,0,0,1
23
1,1,0
1,0,1
1,1,0
1,0,1
1,1,0
1,0,1
1,1,0
1,0,1
1,1,0
1,0,1
1,1,0
1,0,1
24
1,1,0,1,0
1,1,0,1,0
25
1,1,0,0,0
1,0,0,1,0
1,1,0,1,0
26
1,1,1
1,1,1

Charging times of nodes (ct_jrbc)
// nn+1 rows for each route
// nn = (nv-2)*n_b, nv - number of nodes of route without depot amd last node, n_b - number of eligible buses
// 1 row
// short name of route
// next nn rows
// charging time for nodes and e-buses (n_b rows for node)
1
6
6
10
6
40
30
6
6
10
6
40
30
2
6
6
10
6
40
30
6
6
10
6
40
30
6
6
10
6
40
30
6
6
10
6
40
30
3
6
6
10
6
40
30
6
6
10
6
40
30
6
6
10
6
40
30
6
6
10
6
40
30
4
6
6
10
6
40
30
6
6
10
6
40
30
5
6
6
10
6
40
30
6
6
10
6
40
30
6
6
10
6
40
30
6
6
10
6
40
30
6
6
6
10
6
40
30
6
6
10
6
40
30
7
6
6
10
6
40
30
6
6
10
6
40
30
6
6
10
6
40
30
6
6
10
6
40
30
8
6
6
10
6
40
30
6
6
10
6
40
30
6
6
10
6
40
30
6
6
10
6
40
30
9
6
6
10
6
40
30
6
6
10
6
40
30
10
6
6
10
6
40
30
6
6
10
6
40
30
11
6
6
10
6
40
30
6
6
10
6
40
30
12
6
6
10
6
40
30
6
6
10
6
40
30
13
6
6
10
6
40
30
6
6
10
6
40
30
14
6
6
10
6
40
30
6
6
10
6
40
30
6
6
10
6
40
30
6
6
10
6
40
30
15
6
6
10
6
40
30
6
6
10
6
40
30
16
6
6
10
6
40
30
6
6
10
6
40
30
17
6
6
10
6
40
30
6
6
10
6
40
30
18
6
6
10
6
40
30
6
6
10
6
40
30
19
6
6
10
6
40
30
6
6
10
6
40
30
20
6
6
10
6
40
30
6
6
10
6
40
30
21
6
10
6
6
10
6
6
10
6
6
10
6
22
6
6
10
6
40
30
6
6
10
6
40
30
6
6
10
6
40
30
6
6
10
6
40
30
6
6
10
6
40
30
6
6
10
6
40
30
23
6
6
10
6
40
30
6
6
10
6
40
30
24
6
10
6
6
10
6
6
10
6
6
10
6
25
6
10
6
6
10
6
6
10
6
6
10
6
26
10
6
10
6
Old charging sequences
//each record - 2 rows
//1 row 
//short name of route
//2 row 
//index of charging sequence for e-bus 1,...index of charging sequence for e-bus n 
//index is equal to 0 if there is no old e-buses
1
1,0,0,0,0,0
11
1,0,0,0,0,0
13
1,0,0,0,0,0
